Removed Parameter Package:None from Part U?
Removed Parameter Package:None from Part U?
Removed Parameter Package:None from Part P?
Removed Parameter Package:Radial Triad Magnetics from Part L?
Removed Parameter Package:TH from Part Z?
Removed Parameter Package:TH from Part Z?
Removed Parameter Package:TH from Part Z?
Removed Parameter Package:TH from Part Z?
Removed Parameter Package:TH from Part Z?
Removed Parameter Package:TH from Part Z?
Removed Parameter Package:TH from Part Z?
Removed Parameter Package:TH from Part Z?
Removed Parameter Package:TH from Part Z?
Removed Parameter Package:TH from Part Z?
Removed Parameter Package:TH from Part Z?
Removed Parameter Package:TH from Part Z?
Removed Parameter Package:TH from Part Z?
Removed Parameter Package:TH from Part Z?
Removed Parameter Package:TH from Part Z?
Removed Parameter Package:TH from Part Z?
Removed Parameter Package:TH from Part Z?
Removed Parameter Package:TH from Part Z?
Removed Parameter Package:TH from Part Z?
Removed Parameter Package:TH from Part Z?
Removed Parameter Package:TH from Part Z?
Removed Parameter Package:TH from Part Z?
Removed Parameter Package:TH from Part Z?
Removed Parameter Package:TH from Part Z?
Removed Parameter Package:TH from Part Z?
Removed Parameter Package:TH from Part Z?
Change Value of Parameter Price in Part D? Old=0.006 New=0.01
