Added Parameter Package=TH to Part D?
Added Parameter Package=TH to Part L?
Added Parameter Package=TH to Part L?
Added Parameter Package=TH to Part L?
Added Parameter Package=TH to Part L?
Added Parameter Package=TH to Part L?
Added Parameter Package=TH to Part L?
Added Parameter Package=TH to Part L?
Added Parameter Package=TH to Part L?
Added Parameter Package=TH to Part U?
Added Parameter Package=TH to Part U?
Added Parameter Package=TH to Part IC?
Added Parameter Package=TH to Part U?
Added Parameter Package=TH to Part U?
Added Parameter Package=TH to Part U?
Added Parameter Package=TH to Part U?
Added Parameter Package=TH to Part M?
Added Parameter Package=TH to Part U?
Added Parameter Package=TH to Part D?
Added Parameter Package=TH to Part D?
Added Parameter Package=TH to Part E?
Added Parameter Package=TH to Part C?
Added Parameter Package=TH to Part C?
Added Parameter Package=TH to Part C?
Added Parameter Package=TH to Part C?
Added Parameter Package=TH to Part D?
Added Parameter Package=TH to Part D?
Added Parameter Package=TH to Part D?
Added Parameter Package=TH to Part U?
Added Parameter Package=TH to Part U?
Added Parameter Package=TH to Part M?
Added Parameter Package=TH to Part M?
Added Parameter Package=TH to Part U?
Added Parameter Package=TH to Part L?
Added Parameter Package=TH to Part F?
Added Parameter Package=TH to Part J?
Added Parameter Package=TH to Part U?
Added Parameter Package=TH to Part J?
Added Parameter Package=TH to Part J?
Added Parameter Package=TH to Part L?
Added Parameter Package=TH to Part L?
Added Parameter Package=TH to Part Q?
Added Parameter Package=TH to Part M?
Added Parameter Package=TH to Part J?
Added Parameter Package=TH to Part J?
Added Parameter Package=TH to Part J?
Added Parameter Package=TH to Part J?
Added Parameter Package=TH to Part J?
Added Parameter Package=TH to Part J?
Added Parameter Package=TH to Part J?
Added Parameter Package=TH to Part J?
Added Parameter Package=TH to Part J?
Added Parameter Package=TH to Part J?
Added Parameter Package=TH to Part M?
Added Parameter Package=TH to Part J?
Added Parameter Package=TH to Part J?
Added Parameter Package=TH to Part U?
Added Parameter Package=TH to Part U?
Added Parameter Package=TH to Part M?
Added Parameter Package=TH to Part U?
Added Parameter Package=TH to Part U?
Added Parameter Package=TH to Part D?
Added Parameter Package=TH to Part D?
Added Parameter Package=TH to Part D?
Added Parameter Package=TH to Part D?
Added Parameter Package=TH to Part D?
Added Parameter Package=TH to Part D?
Added Parameter Package=TH to Part U?
Added Parameter Package=TH to Part U?
Added Parameter Package=TH to Part U?
Added Parameter Package=TH to Part U?
Added Parameter Package=TH to Part *
Added Parameter Package=TH to Part U?
Added Parameter Package=TH to Part Q?
Added Parameter Package=TH to Part Q?
Added Parameter Package=TH to Part M?
Added Parameter Package=TH to Part M?
Added Parameter Package=TH to Part Q?
Added Parameter Package=TH to Part Q?
Added Parameter Package=TH to Part U?
Added Parameter Package=TH to Part U?
Added Parameter Package=TH to Part RL?
Added Parameter Package=TH to Part R?
Added Parameter Package=TH to Part S?
Added Parameter Package=TH to Part U?
Added Parameter Package=TH to Part M?
Added Parameter Package=TH to Part SW?
Added Parameter Package=TH to Part S?
Added Parameter Package=TH to Part P?
Added Parameter Package=TH to Part L?
Added Parameter Package=TH to Part T?
Added Parameter Package=TH to Part Q?
Added Parameter Package=TH to Part U?
Added Parameter Package=TH to Part RT?
Added Parameter Package=TH to Part M?
Added Parameter Package=TH to Part Z?
Added Parameter Package=TH to Part Z?
Added Parameter Package=TH to Part Z?
Added Parameter Package=TH to Part Z?
Added Parameter Package=TH to Part Z?
Added Parameter Package=TH to Part Z?
Added Parameter Package=TH to Part Z?
Added Parameter Package=TH to Part Z?
Added Parameter Package=TH to Part Z?
Added Parameter Package=TH to Part Z?
Added Parameter Package=TH to Part Z?
Added Parameter Package=TH to Part Z?
Added Parameter Package=TH to Part Z?
Added Parameter Package=TH to Part Z?
Added Parameter Package=TH to Part Z?
Added Parameter Package=TH to Part Z?
Added Parameter Package=TH to Part Z?
Added Parameter Package=TH to Part Z?
Added Parameter Package=TH to Part Z?
Added Parameter Package=TH to Part Z?
Added Parameter Package=TH to Part Z?
Added Parameter Package=TH to Part Z?
Added Parameter Package=TH to Part Z?
Added Parameter Package=TH to Part Z?
Added Parameter Package=TH to Part Z?
Added Parameter Package=TH to Part Z?
Added Parameter Package=TH to Part D?
