Added Parameter Value= to Part L?
Added Parameter Value= to Part L?
Added Parameter Value= to Part L?
Added Parameter Value= to Part L?
Added Parameter Value= to Part L?
Added Parameter Value= to Part L?
Added Parameter Value= to Part L?
Added Parameter Value= to Part L?
Added Parameter Value= to Part U?
Added Parameter Value= to Part U?
Added Parameter Value= to Part U?
Added Parameter Value= to Part U?
Added Parameter Value= to Part U?
Added Parameter Value= to Part M?
Added Parameter Value= to Part D?
Added Parameter Value= to Part D?
Added Parameter Value= to Part E?
Added Parameter Value= to Part C?
Added Parameter Value= to Part C?
Added Parameter Value= to Part C?
Added Parameter Value= to Part C?
Added Parameter Value= to Part D?
Added Parameter Value= to Part D?
Added Parameter Value= to Part D?
Added Parameter Value= to Part D?
Added Parameter Value= to Part D?
Added Parameter Value= to Part D?
Added Parameter Value= to Part D?
Added Parameter Value= to Part D?
Added Parameter Value= to Part D?
Added Parameter Value= to Part U?
Added Parameter Value= to Part M?
Added Parameter Value= to Part M?
Added Parameter Value= to Part M?
Added Parameter Value= to Part U?
Added Parameter Value= to Part F?
Added Parameter Value= to Part J?
Added Parameter Value= to Part U?
Added Parameter Value= to Part J?
Added Parameter Value= to Part J?
Added Parameter Value= to Part Q?
Added Parameter Value= to Part M?
Added Parameter Value= to Part J?
Added Parameter Value= to Part J?
Added Parameter Value= to Part J?
Added Parameter Value= to Part J?
Added Parameter Value= to Part J?
Added Parameter Value= to Part J?
Added Parameter Value= to Part J?
Added Parameter Value= to Part J?
Added Parameter Value= to Part J?
Added Parameter Value= to Part J?
Added Parameter Value= to Part M?
Added Parameter Value= to Part J?
Added Parameter Value= to Part J?
Added Parameter Value= to Part U?
Added Parameter Value= to Part U?
Added Parameter Value= to Part M?
Added Parameter Value= to Part U?
Added Parameter Value= to Part U?
Added Parameter Value= to Part D?
Added Parameter Value= to Part D?
Added Parameter Value= to Part D?
Added Parameter Value= to Part D?
Added Parameter Value= to Part D?
Added Parameter Value= to Part D?
Added Parameter Value= to Part D?
Added Parameter Value= to Part D?
Added Parameter Value= to Part D?
Added Parameter Value= to Part D?
Added Parameter Value= to Part D?
Added Parameter Value= to Part D?
Added Parameter Value= to Part U?
Added Parameter Value= to Part U?
Added Parameter Value= to Part U?
Added Parameter Value= to Part M?
Added Parameter Value= to Part U?
Added Parameter Value= to Part *
Added Parameter Value= to Part U?
Added Parameter Value= to Part Q?
Added Parameter Value= to Part Q?
Added Parameter Value= to Part Q?
Added Parameter Value= to Part Q?
Added Parameter Value= to Part Q?
Added Parameter Value= to Part Q?
Added Parameter Value= to Part Q?
Added Parameter Value= to Part Q?
Added Parameter Value= to Part Q?
Added Parameter Value= to Part M?
Added Parameter Value= to Part U?
Added Parameter Value= to Part M?
Added Parameter Value= to Part Q?
Added Parameter Value= to Part Q?
Added Parameter Value= to Part Q?
Added Parameter Value= to Part Q?
Added Parameter Value= to Part Q?
Added Parameter Value= to Part Q?
Added Parameter Value= to Part Q?
Added Parameter Value= to Part U?
Added Parameter Value= to Part RL?
Added Parameter Value= to Part R?
Added Parameter Value= to Part R?
Added Parameter Value= to Part R?
Added Parameter Value= to Part R?
Added Parameter Value= to Part R?
Added Parameter Value= to Part R?
Added Parameter Value= to Part R?
Added Parameter Value= to Part R?
Added Parameter Value= to Part R?
Added Parameter Value= to Part R?
Added Parameter Value= to Part R?
Added Parameter Value= to Part R?
Added Parameter Value= to Part R?
Added Parameter Value= to Part R?
Added Parameter Value= to Part R?
Added Parameter Value= to Part R?
Added Parameter Value= to Part R?
Added Parameter Value= to Part R?
Added Parameter Value= to Part R?
Added Parameter Value= to Part R?
Added Parameter Value= to Part R?
Added Parameter Value= to Part R?
Added Parameter Value= to Part R?
Added Parameter Value= to Part R?
Added Parameter Value= to Part S?
Added Parameter Value= to Part U?
Added Parameter Value= to Part M?
Added Parameter Value= to Part S?
Added Parameter Value= to Part T?
Added Parameter Value= to Part Q?
Added Parameter Value= to Part Q?
Added Parameter Value= to Part U?
Added Parameter Value= to Part M?
Added Parameter Value= to Part Z?
Added Parameter Value= to Part Z?
Added Parameter Value= to Part Z?
Added Parameter Value= to Part Z?
Added Parameter Value= to Part Z?
Added Parameter Value= to Part Z?
Added Parameter Value= to Part Z?
Added Parameter Value= to Part Z?
Added Parameter Value= to Part Z?
Added Parameter Value= to Part Z?
Added Parameter Value= to Part Z?
Added Parameter Value= to Part Z?
Added Parameter Value= to Part Z?
Added Parameter Value= to Part Z?
Added Parameter Value= to Part Z?
Added Parameter Value= to Part Z?
Added Parameter Value= to Part Z?
Added Parameter Value= to Part Z?
Added Parameter Value= to Part Z?
Added Parameter Value= to Part Z?
Added Parameter Value= to Part Z?
Added Parameter Value= to Part Z?
Added Parameter Value= to Part Z?
Added Parameter Value= to Part Z?
Added Parameter Value= to Part Z?
Added Parameter Value= to Part Z?
Added Parameter Value= to Part Z?
Added Parameter Value= to Part Z?
Added Parameter Value= to Part D?
