Change Value of Parameter Value in Part R? Old= New=1K2
Change Value of Parameter Value in Part R? Old= New=1M
Change Value of Parameter Value in Part R? Old= New=3K
Change Value of Parameter Value in Part R? Old= New=4R7
Change Value of Parameter Value in Part R? Old= New=5K6
Change Value of Parameter Value in Part R? Old= New=6K8
Change Value of Parameter Value in Part R? Old= New=15
Change Value of Parameter Value in Part R? Old= New=20K
Change Value of Parameter Value in Part R? Old= New=20K
Change Value of Parameter Value in Part R? Old= New=22
Change Value of Parameter Value in Part R? Old= New=30
Change Value of Parameter Value in Part R? Old= New=30K
Change Value of Parameter Value in Part R? Old= New=47
Change Value of Parameter Value in Part R? Old= New=51
Change Value of Parameter Value in Part R? Old= New=56K
Change Value of Parameter Value in Part R? Old= New=75
Change Value of Parameter Value in Part R? Old= New=120K
Change Value of Parameter Value in Part R? Old= New=150
Change Value of Parameter Value in Part R? Old= New=200
Change Value of Parameter Value in Part R? Old= New=200K
Change Value of Parameter Value in Part R? Old= New=330
Change Value of Parameter Value in Part R? Old= New=330K
Change Value of Parameter Value in Part R? Old= New=470K
