Removed Parameter ASiD Part Number:Screw-AS from Part S?
Removed Parameter Availability:Unavailable from Part U?
Removed Parameter Availability:Unavailable from Part U?
Removed Parameter Availability:Warning from Part L?
Removed Parameter Bandwidth:72 MHz from Part M?
Removed Parameter Check_prices:https://www.snapeda.com/parts/FIT50-1/Triad%20Magnetics/view-part/1542653/?ref=eda from Part L?
Removed Parameter CPU Name:ESP32-D0WDQ6 from Part M?
Removed Parameter Data Rate:150 Mbps from Part M?
Removed Parameter DatasheetVersion:PD-9.814 from Part Q?
Removed Parameter Digi-Key_Part_Number:A113320-ND from Part P?
Removed Parameter Digi-Key_Purchase_URL:https://www.digikey.in/product-detail/en/te-connectivity-amp-connectors/282837-2/A113320-ND/2187973?utm_source=snapeda&utm_medium=aggregator&utm_campaign=symbol from Part P?
Removed Parameter Height:3.2 mm from Part M?
Removed Parameter Interface:Ethernet, I2C, I2S, SPI, UART from Part M?
Removed Parameter LatestRevisionNote:Mech Layer 1 removed. from Part T?
Removed Parameter LatestRevisionNote:Re-released for DXP Platform. from Part Q?
Removed Parameter Manufacturer Part Number:19-237/R6GHBHW-C01/2T from Part D?
Removed Parameter Manufacturer Part Number:TL3342F260QG from Part S?
Removed Parameter Manufacturer’s ordering code:SMF22A from Part D?
Removed Parameter Max CPU Freq:240 MHz from Part M?
Removed Parameter MF:Espressif Systems from Part U?
Removed Parameter MF:Pololu from Part U?
Removed Parameter MF:TE Connectivity from Part P?
Removed Parameter MF:Triad Magnetics from Part L?
Removed Parameter MP:282837-2 from Part P?
Removed Parameter MP:A4988 STEPPER MOTOR DRIVER CARRIER from Part U?
Removed Parameter MP:ESP32-DEVKITC-32D from Part U?
Removed Parameter MP:FIT50-1 from Part L?
Removed Parameter Nominal Supply Current:500 mA from Part M?
Removed Parameter Note:Pin 2 is electrically connected to pin 4. from Part Q?
Removed Parameter Number of ADC Channels:16 from Part M?
Removed Parameter Number of cores:2 from Part M?
Removed Parameter Number of GPIO:32 from Part M?
Removed Parameter PackageDescription:Chip Resistor from Part R?
Removed Parameter PackageDescription:Chip Resistor from Part RT?
Removed Parameter PackageDescription:TO, Thru-Hole, Vertical, Heatsink Mounted; 3 In-Line Leads; Pitch 2.54 mm from Part Q?
Removed Parameter PackageDescription:Transformer; 4 Leads from Part T?
Removed Parameter PackageReference:J1-0805 from Part R?
Removed Parameter PackageReference:J1-0805 from Part RT?
Removed Parameter PackageReference:TO-220AB from Part Q?
Removed Parameter PackageReference:TRANS from Part T?
Removed Parameter PackageVersion:Feb-1997 from Part Q?
Removed Parameter Part Number:SMF22A from Part D?
Removed Parameter Published:8-Jun-2000 from Part Q?
Removed Parameter Published:24-Mar-1999 from Part T?
Removed Parameter Publisher:Altium Limited from Part Q?
Removed Parameter Publisher:Altium Limited from Part T?
Removed Parameter Purchase-URL:https://pricing.snapeda.com/search/part/FIT50-1/?ref=eda from Part L?
Removed Parameter SnapEDA_Link:https://www.snapeda.com/parts/282837-2/TE%20Connectivity%20AMP%20Connectors/view-part/2549980/?ref=snap from Part P?
Removed Parameter SnapEDA_Link:https://www.snapeda.com/parts/A4988%20STEPPER%20MOTOR%20DRIVER%20CARRIER/Pololu/view-part/1499394/?ref=snap from Part U?
Removed Parameter SnapEDA_Link:https://www.snapeda.com/parts/ESP32-DEVKITC-32D/Espressif%20Systems/view-part/2777395/?ref=snap from Part U?
Removed Parameter SnapEDA_Link:https://www.snapeda.com/parts/FIT50-1/Triad%20Magnetics/view-part/1542653/?ref=snap from Part L?
Removed Parameter Supplier 1:Digi-Key from Part D?
Removed Parameter Supplier 1:Digi-Key from Part D?
Removed Parameter Supplier 1:Digi-Key from Part L?
Removed Parameter Supplier 1:Digi-Key from Part L?
Removed Parameter Supplier 1:Digi-Key from Part Q?
Removed Parameter Supplier 1:Digi-Key from Part D?
Removed Parameter Supplier 1:Digi-Key from Part D?
Removed Parameter Supplier 1:Digi-Key from Part D?
Removed Parameter Supplier 1:Digi-Key from Part D?
Removed Parameter Supplier 1:Digi-Key from Part D?
Removed Parameter Supplier 1:Digi-Key from Part D?
Removed Parameter Supplier 1:Digi-Key from Part Q?
Removed Parameter Supplier 1:Digi-Key from Part Q?
Removed Parameter Supplier 1:Digi-Key from Part Q?
Removed Parameter Supplier 1:Digi-Key from Part S?
Removed Parameter Supplier 1:Digi-Key from Part L?
Removed Parameter Supplier 1:Digi-Key from Part D?
Removed Parameter Supplier 2:Mouser from Part L?
Removed Parameter Supplier 2:Mouser from Part L?
Removed Parameter Supplier 2:Mouser from Part Q?
Removed Parameter Supplier 2:Mouser from Part D?
Removed Parameter Supplier 2:Mouser from Part Q?
Removed Parameter Supplier 2:Mouser from Part L?
Removed Parameter Supplier 2:Mouser from Part D?
Removed Parameter Supplier 3:LCSC from Part Q?
Removed Parameter Supplier 3:LCSC from Part D?
Removed Parameter Supplier 3:LCSC from Part D?
Removed Parameter Supplier Part Number 1:311-1.00KLRCT-ND from Part R?
Removed Parameter Supplier Part Number 1:311-1.00KLRCT-ND from Part RT?
Removed Parameter Supplier Part Number 1:568-6035-1-ND from Part D?
Removed Parameter Supplier Part Number 1:568-11514-1-ND from Part Q?
Removed Parameter Supplier Part Number 1:732-4966-1-ND from Part D?
Removed Parameter Supplier Part Number 1:732-4971-1-ND from Part D?
Removed Parameter Supplier Part Number 1:732-4979-1-ND from Part D?
Removed Parameter Supplier Part Number 1:732-4981-1-ND from Part D?
Removed Parameter Supplier Part Number 1:811-3603-1-ND from Part L?
Removed Parameter Supplier Part Number 1:811-3603-1-ND from Part L?
Removed Parameter Supplier Part Number 1:811-3603-1-ND from Part L?
Removed Parameter Supplier Part Number 1:1080-1590-1-ND from Part D?
Removed Parameter Supplier Part Number 1:BAT60BE6327HTSA1CT-ND from Part D?
Removed Parameter Supplier Part Number 1:DMN3024SFG-7DICT-ND from Part Q?
Removed Parameter Supplier Part Number 1:DMP1045U-7DICT-ND from Part Q?
Removed Parameter Supplier Part Number 1:EG5470CT-ND from Part S?
Removed Parameter Supplier Part Number 1:F5822CT-ND from Part D?
Removed Parameter Supplier Part Number 1:IRFR3910TRLPBFCT-ND from Part Q?
Removed Parameter Supplier Part Number 1:UHD1110-FKA-CL1A13R3Q1BBQFMF3CT-ND from Part D?
Removed Parameter Supplier Part Number 2:576-SMF22A from Part D?
Removed Parameter Supplier Part Number 2:580-482R2SC from Part L?
Removed Parameter Supplier Part Number 2:580-482R2SC from Part L?
Removed Parameter Supplier Part Number 2:580-482R2SC from Part L?
Removed Parameter Supplier Part Number 2:621-DMN3024SFG-7 from Part Q?
Removed Parameter Supplier Part Number 2:941-UHD0FKAC11BQFMF3 from Part D?
Removed Parameter Supplier Part Number 2:942-IRFR3910TRLPBF from Part Q?
Removed Parameter Supplier Part Number 3:C148158 from Part Q?
Removed Parameter Supplier Part Number 3:C158099 from Part D?
Removed Parameter Supplier Part Number 3:C169431 from Part D?
Removed Parameter Supply Voltage:2.7 ~ 3.6 V from Part M?
Removed Parameter TE_purchase_URL:https://www.te.com/usa-en/product-282837-2.html?te_bu=Cor&te_type=disp&te_campaign=seda_glo_cor-seda-global-disp-prtnr-fy19-seda-model-bom-cta_sma-317_1&elqCampaignId=32493 from Part P?
Change Value of Parameter LatestRevisionDate in Part Q? Old=17-Jul-2002 New=30-Jan-2023
Change Value of Parameter LatestRevisionDate in Part T? Old=08-Jul-2005 New=30-Jan-2023
