Added Parameter Stock=21 to Part D?
Added Parameter Stock= to Part D?
Added Parameter Stock= to Part L?
Added Parameter Stock= to Part L?
Added Parameter Stock= to Part L?
Added Parameter Stock= to Part L?
Added Parameter Stock= to Part L?
Added Parameter Stock= to Part L?
Added Parameter Stock= to Part L?
Added Parameter Stock= to Part L?
Added Parameter Stock= to Part U?
Added Parameter Stock= to Part U?
Added Parameter Stock= to Part IC?
Added Parameter Stock= to Part U?
Added Parameter Stock= to Part U?
Added Parameter Stock= to Part U?
Added Parameter Stock= to Part U?
Added Parameter Stock= to Part M?
Added Parameter Stock= to Part U?
Added Parameter Stock= to Part D?
Added Parameter Stock= to Part D?
Added Parameter Stock= to Part E?
Added Parameter Stock= to Part C?
Added Parameter Stock= to Part C?
Added Parameter Stock= to Part C?
Added Parameter Stock= to Part C?
Added Parameter Stock= to Part D?
Added Parameter Stock= to Part D?
Added Parameter Stock= to Part D?
Added Parameter Stock= to Part U?
Added Parameter Stock= to Part U?
Added Parameter Stock= to Part M?
Added Parameter Stock= to Part M?
Added Parameter Stock= to Part U?
Added Parameter Stock= to Part L?
Added Parameter Stock= to Part F?
Added Parameter Stock= to Part J?
Added Parameter Stock= to Part U?
Added Parameter Stock= to Part J?
Added Parameter Stock= to Part J?
Added Parameter Stock= to Part L?
Added Parameter Stock= to Part L?
Added Parameter Stock= to Part Q?
Added Parameter Stock= to Part M?
Added Parameter Stock= to Part J?
Added Parameter Stock= to Part J?
Added Parameter Stock= to Part J?
Added Parameter Stock= to Part J?
Added Parameter Stock= to Part J?
Added Parameter Stock= to Part J?
Added Parameter Stock= to Part J?
Added Parameter Stock= to Part J?
Added Parameter Stock= to Part J?
Added Parameter Stock= to Part J?
Added Parameter Stock= to Part M?
Added Parameter Stock= to Part J?
Added Parameter Stock= to Part J?
Added Parameter Stock= to Part U?
Added Parameter Stock= to Part U?
Added Parameter Stock= to Part M?
Added Parameter Stock= to Part U?
Added Parameter Stock= to Part U?
Added Parameter Stock= to Part D?
Added Parameter Stock= to Part D?
Added Parameter Stock= to Part D?
Added Parameter Stock= to Part D?
Added Parameter Stock= to Part D?
Added Parameter Stock= to Part D?
Added Parameter Stock= to Part U?
Added Parameter Stock= to Part U?
Added Parameter Stock= to Part U?
Added Parameter Stock= to Part U?
Added Parameter Stock= to Part *
Added Parameter Stock= to Part U?
Added Parameter Stock= to Part Q?
Added Parameter Stock= to Part Q?
Added Parameter Stock= to Part M?
Added Parameter Stock= to Part M?
Added Parameter Stock= to Part Q?
Added Parameter Stock= to Part Q?
Added Parameter Stock= to Part U?
Added Parameter Stock= to Part U?
Added Parameter Stock= to Part RL?
Added Parameter Stock= to Part R?
Added Parameter Stock= to Part S?
Added Parameter Stock= to Part U?
Added Parameter Stock= to Part M?
Added Parameter Stock= to Part SW?
Added Parameter Stock= to Part S?
Added Parameter Stock= to Part P?
Added Parameter Stock= to Part L?
Added Parameter Stock= to Part T?
Added Parameter Stock= to Part Q?
Added Parameter Stock= to Part U?
Added Parameter Stock= to Part RT?
Added Parameter Stock= to Part M?
Added Parameter Stock= to Part D?
