Added Parameter Manufacturer= to Part D?
Added Parameter Manufacturer= to Part L?
Added Parameter Manufacturer= to Part L?
Added Parameter Manufacturer= to Part L?
Added Parameter Manufacturer= to Part L?
Added Parameter Manufacturer= to Part L?
Added Parameter Manufacturer= to Part L?
Added Parameter Manufacturer= to Part L?
Added Parameter Manufacturer= to Part L?
Added Parameter Manufacturer= to Part U?
Added Parameter Manufacturer= to Part U?
Added Parameter Manufacturer= to Part IC?
Added Parameter Manufacturer= to Part U?
Added Parameter Manufacturer= to Part U?
Added Parameter Manufacturer= to Part U?
Added Parameter Manufacturer= to Part U?
Added Parameter Manufacturer= to Part M?
Added Parameter Manufacturer= to Part U?
Added Parameter Manufacturer= to Part D?
Added Parameter Manufacturer= to Part D?
Added Parameter Manufacturer= to Part E?
Added Parameter Manufacturer= to Part C?
Added Parameter Manufacturer= to Part C?
Added Parameter Manufacturer= to Part C?
Added Parameter Manufacturer= to Part C?
Added Parameter Manufacturer= to Part D?
Added Parameter Manufacturer= to Part D?
Added Parameter Manufacturer= to Part D?
Added Parameter Manufacturer= to Part D?
Added Parameter Manufacturer= to Part U?
Added Parameter Manufacturer= to Part U?
Added Parameter Manufacturer= to Part M?
Added Parameter Manufacturer= to Part M?
Added Parameter Manufacturer= to Part U?
Added Parameter Manufacturer= to Part L?
Added Parameter Manufacturer= to Part F?
Added Parameter Manufacturer= to Part J?
Added Parameter Manufacturer= to Part U?
Added Parameter Manufacturer= to Part J?
Added Parameter Manufacturer= to Part J?
Added Parameter Manufacturer= to Part L?
Added Parameter Manufacturer= to Part L?
Added Parameter Manufacturer= to Part Q?
Added Parameter Manufacturer= to Part M?
Added Parameter Manufacturer= to Part J?
Added Parameter Manufacturer= to Part J?
Added Parameter Manufacturer= to Part J?
Added Parameter Manufacturer= to Part J?
Added Parameter Manufacturer= to Part J?
Added Parameter Manufacturer= to Part J?
Added Parameter Manufacturer= to Part J?
Added Parameter Manufacturer= to Part J?
Added Parameter Manufacturer= to Part J?
Added Parameter Manufacturer= to Part J?
Added Parameter Manufacturer= to Part M?
Added Parameter Manufacturer= to Part J?
Added Parameter Manufacturer= to Part J?
Added Parameter Manufacturer= to Part U?
Added Parameter Manufacturer= to Part U?
Added Parameter Manufacturer= to Part M?
Added Parameter Manufacturer= to Part U?
Added Parameter Manufacturer= to Part U?
Added Parameter Manufacturer= to Part D?
Added Parameter Manufacturer= to Part D?
Added Parameter Manufacturer= to Part D?
Added Parameter Manufacturer= to Part D?
Added Parameter Manufacturer= to Part D?
Added Parameter Manufacturer= to Part U?
Added Parameter Manufacturer= to Part U?
Added Parameter Manufacturer= to Part U?
Added Parameter Manufacturer= to Part U?
Added Parameter Manufacturer= to Part *
Added Parameter Manufacturer= to Part U?
Added Parameter Manufacturer= to Part Q?
Added Parameter Manufacturer= to Part Q?
Added Parameter Manufacturer= to Part M?
Added Parameter Manufacturer= to Part M?
Added Parameter Manufacturer= to Part Q?
Added Parameter Manufacturer= to Part Q?
Added Parameter Manufacturer= to Part U?
Added Parameter Manufacturer= to Part U?
Added Parameter Manufacturer= to Part RL?
Added Parameter Manufacturer= to Part R?
Added Parameter Manufacturer= to Part S?
Added Parameter Manufacturer= to Part U?
Added Parameter Manufacturer= to Part M?
Added Parameter Manufacturer= to Part SW?
Added Parameter Manufacturer= to Part S?
Added Parameter Manufacturer= to Part P?
Added Parameter Manufacturer= to Part L?
Added Parameter Manufacturer= to Part T?
Added Parameter Manufacturer= to Part Q?
Added Parameter Manufacturer= to Part U?
Added Parameter Manufacturer= to Part RT?
Added Parameter Manufacturer= to Part M?
Added Parameter Temperature Range= to Part D?
Added Parameter Temperature Range= to Part L?
Added Parameter Temperature Range= to Part L?
Added Parameter Temperature Range= to Part L?
Added Parameter Temperature Range= to Part L?
Added Parameter Temperature Range= to Part L?
Added Parameter Temperature Range= to Part L?
Added Parameter Temperature Range= to Part L?
Added Parameter Temperature Range= to Part L?
Added Parameter Temperature Range= to Part U?
Added Parameter Temperature Range= to Part U?
Added Parameter Temperature Range= to Part IC?
Added Parameter Temperature Range= to Part U?
Added Parameter Temperature Range= to Part U?
Added Parameter Temperature Range= to Part U?
Added Parameter Temperature Range= to Part U?
Added Parameter Temperature Range= to Part M?
Added Parameter Temperature Range= to Part U?
Added Parameter Temperature Range= to Part D?
Added Parameter Temperature Range= to Part D?
Added Parameter Temperature Range= to Part E?
Added Parameter Temperature Range= to Part C?
Added Parameter Temperature Range= to Part C?
Added Parameter Temperature Range= to Part C?
Added Parameter Temperature Range= to Part C?
Added Parameter Temperature Range= to Part D?
Added Parameter Temperature Range= to Part D?
Added Parameter Temperature Range= to Part U?
Added Parameter Temperature Range= to Part U?
Added Parameter Temperature Range= to Part M?
Added Parameter Temperature Range= to Part U?
Added Parameter Temperature Range= to Part L?
Added Parameter Temperature Range= to Part F?
Added Parameter Temperature Range= to Part J?
Added Parameter Temperature Range= to Part U?
Added Parameter Temperature Range= to Part J?
Added Parameter Temperature Range= to Part J?
Added Parameter Temperature Range= to Part L?
Added Parameter Temperature Range= to Part L?
Added Parameter Temperature Range= to Part Q?
Added Parameter Temperature Range= to Part M?
Added Parameter Temperature Range= to Part J?
Added Parameter Temperature Range= to Part J?
Added Parameter Temperature Range= to Part J?
Added Parameter Temperature Range= to Part J?
Added Parameter Temperature Range= to Part J?
Added Parameter Temperature Range= to Part J?
Added Parameter Temperature Range= to Part J?
Added Parameter Temperature Range= to Part J?
Added Parameter Temperature Range= to Part J?
Added Parameter Temperature Range= to Part J?
Added Parameter Temperature Range= to Part M?
Added Parameter Temperature Range= to Part J?
Added Parameter Temperature Range= to Part J?
Added Parameter Temperature Range= to Part U?
Added Parameter Temperature Range= to Part U?
Added Parameter Temperature Range= to Part M?
Added Parameter Temperature Range= to Part U?
Added Parameter Temperature Range= to Part U?
Added Parameter Temperature Range= to Part D?
Added Parameter Temperature Range= to Part D?
Added Parameter Temperature Range= to Part D?
Added Parameter Temperature Range= to Part D?
Added Parameter Temperature Range= to Part D?
Added Parameter Temperature Range= to Part D?
Added Parameter Temperature Range= to Part U?
Added Parameter Temperature Range= to Part U?
Added Parameter Temperature Range= to Part U?
Added Parameter Temperature Range= to Part U?
Added Parameter Temperature Range= to Part *
Added Parameter Temperature Range= to Part U?
Added Parameter Temperature Range= to Part Q?
Added Parameter Temperature Range= to Part Q?
Added Parameter Temperature Range= to Part M?
Added Parameter Temperature Range= to Part M?
Added Parameter Temperature Range= to Part Q?
Added Parameter Temperature Range= to Part Q?
Added Parameter Temperature Range= to Part U?
Added Parameter Temperature Range= to Part U?
Added Parameter Temperature Range= to Part RL?
Added Parameter Temperature Range= to Part R?
Added Parameter Temperature Range= to Part S?
Added Parameter Temperature Range= to Part U?
Added Parameter Temperature Range= to Part M?
Added Parameter Temperature Range= to Part SW?
Added Parameter Temperature Range= to Part S?
Added Parameter Temperature Range= to Part P?
Added Parameter Temperature Range= to Part L?
Added Parameter Temperature Range= to Part T?
Added Parameter Temperature Range= to Part Q?
Added Parameter Temperature Range= to Part U?
Added Parameter Temperature Range= to Part RT?
Added Parameter Temperature Range= to Part M?
Added Parameter Temperature Range= to Part Z?
Added Parameter Temperature Range= to Part Z?
Added Parameter Temperature Range= to Part Z?
Added Parameter Temperature Range= to Part Z?
Added Parameter Temperature Range= to Part Z?
Added Parameter Temperature Range= to Part Z?
Added Parameter Temperature Range= to Part Z?
Added Parameter Temperature Range= to Part Z?
Added Parameter Temperature Range= to Part Z?
Added Parameter Temperature Range= to Part Z?
Added Parameter Temperature Range= to Part Z?
Added Parameter Temperature Range= to Part Z?
Added Parameter Temperature Range= to Part Z?
Added Parameter Temperature Range= to Part Z?
Added Parameter Temperature Range= to Part Z?
Added Parameter Temperature Range= to Part Z?
Added Parameter Temperature Range= to Part Z?
Added Parameter Temperature Range= to Part Z?
Added Parameter Temperature Range= to Part Z?
Added Parameter Temperature Range= to Part Z?
Added Parameter Temperature Range= to Part Z?
Added Parameter Temperature Range= to Part Z?
Added Parameter Temperature Range= to Part Z?
Added Parameter Temperature Range= to Part Z?
Added Parameter Temperature Range= to Part Z?
Added Parameter Temperature Range= to Part Z?
Added Parameter Temperature Range= to Part D?
