Added Parameter Container= to Part D?
Added Parameter Container= to Part L?
Added Parameter Container= to Part L?
Added Parameter Container= to Part L?
Added Parameter Container= to Part L?
Added Parameter Container= to Part L?
Added Parameter Container= to Part L?
Added Parameter Container= to Part L?
Added Parameter Container= to Part L?
Added Parameter Container= to Part U?
Added Parameter Container= to Part U?
Added Parameter Container= to Part IC?
Added Parameter Container= to Part U?
Added Parameter Container= to Part U?
Added Parameter Container= to Part U?
Added Parameter Container= to Part U?
Added Parameter Container= to Part M?
Added Parameter Container= to Part U?
Added Parameter Container= to Part D?
Added Parameter Container= to Part D?
Added Parameter Container= to Part E?
Added Parameter Container= to Part C?
Added Parameter Container= to Part C?
Added Parameter Container= to Part C?
Added Parameter Container= to Part C?
Added Parameter Container= to Part D?
Added Parameter Container= to Part D?
Added Parameter Container= to Part D?
Added Parameter Container= to Part D?
Added Parameter Container= to Part U?
Added Parameter Container= to Part U?
Added Parameter Container= to Part M?
Added Parameter Container= to Part M?
Added Parameter Container= to Part U?
Added Parameter Container= to Part L?
Added Parameter Container= to Part F?
Added Parameter Container= to Part J?
Added Parameter Container= to Part U?
Added Parameter Container= to Part J?
Added Parameter Container= to Part J?
Added Parameter Container= to Part L?
Added Parameter Container= to Part L?
Added Parameter Container= to Part Q?
Added Parameter Container= to Part M?
Added Parameter Container= to Part J?
Added Parameter Container= to Part J?
Added Parameter Container= to Part J?
Added Parameter Container= to Part J?
Added Parameter Container= to Part J?
Added Parameter Container= to Part J?
Added Parameter Container= to Part J?
Added Parameter Container= to Part J?
Added Parameter Container= to Part J?
Added Parameter Container= to Part J?
Added Parameter Container= to Part M?
Added Parameter Container= to Part J?
Added Parameter Container= to Part J?
Added Parameter Container= to Part U?
Added Parameter Container= to Part U?
Added Parameter Container= to Part M?
Added Parameter Container= to Part U?
Added Parameter Container= to Part U?
Added Parameter Container= to Part D?
Added Parameter Container= to Part D?
Added Parameter Container= to Part D?
Added Parameter Container= to Part D?
Added Parameter Container= to Part D?
Added Parameter Container= to Part D?
Added Parameter Container= to Part U?
Added Parameter Container= to Part U?
Added Parameter Container= to Part U?
Added Parameter Container= to Part U?
Added Parameter Container= to Part *
Added Parameter Container= to Part U?
Added Parameter Container= to Part Q?
Added Parameter Container= to Part Q?
Added Parameter Container= to Part M?
Added Parameter Container= to Part M?
Added Parameter Container= to Part Q?
Added Parameter Container= to Part Q?
Added Parameter Container= to Part U?
Added Parameter Container= to Part U?
Added Parameter Container= to Part RL?
Added Parameter Container= to Part R?
Added Parameter Container= to Part S?
Added Parameter Container= to Part U?
Added Parameter Container= to Part M?
Added Parameter Container= to Part SW?
Added Parameter Container= to Part S?
Added Parameter Container= to Part P?
Added Parameter Container= to Part L?
Added Parameter Container= to Part T?
Added Parameter Container= to Part Q?
Added Parameter Container= to Part U?
Added Parameter Container= to Part RT?
Added Parameter Container= to Part M?
Added Parameter Container= to Part D?
Added Parameter Label= to Part D?
Added Parameter Label= to Part L?
Added Parameter Label= to Part L?
Added Parameter Label= to Part L?
Added Parameter Label= to Part L?
Added Parameter Label= to Part L?
Added Parameter Label= to Part L?
Added Parameter Label= to Part L?
Added Parameter Label= to Part L?
Added Parameter Label= to Part U?
Added Parameter Label= to Part U?
Added Parameter Label= to Part IC?
Added Parameter Label= to Part U?
Added Parameter Label= to Part U?
Added Parameter Label= to Part U?
Added Parameter Label= to Part U?
Added Parameter Label= to Part M?
Added Parameter Label= to Part U?
Added Parameter Label= to Part D?
Added Parameter Label= to Part D?
Added Parameter Label= to Part E?
Added Parameter Label= to Part C?
Added Parameter Label= to Part C?
Added Parameter Label= to Part C?
Added Parameter Label= to Part C?
Added Parameter Label= to Part D?
Added Parameter Label= to Part D?
Added Parameter Label= to Part D?
Added Parameter Label= to Part D?
Added Parameter Label= to Part U?
Added Parameter Label= to Part U?
Added Parameter Label= to Part M?
Added Parameter Label= to Part M?
Added Parameter Label= to Part U?
Added Parameter Label= to Part L?
Added Parameter Label= to Part F?
Added Parameter Label= to Part J?
Added Parameter Label= to Part U?
Added Parameter Label= to Part J?
Added Parameter Label= to Part J?
Added Parameter Label= to Part L?
Added Parameter Label= to Part L?
Added Parameter Label= to Part Q?
Added Parameter Label= to Part M?
Added Parameter Label= to Part J?
Added Parameter Label= to Part J?
Added Parameter Label= to Part J?
Added Parameter Label= to Part J?
Added Parameter Label= to Part J?
Added Parameter Label= to Part J?
Added Parameter Label= to Part J?
Added Parameter Label= to Part J?
Added Parameter Label= to Part J?
Added Parameter Label= to Part J?
Added Parameter Label= to Part M?
Added Parameter Label= to Part J?
Added Parameter Label= to Part J?
Added Parameter Label= to Part U?
Added Parameter Label= to Part U?
Added Parameter Label= to Part M?
Added Parameter Label= to Part U?
Added Parameter Label= to Part U?
Added Parameter Label= to Part D?
Added Parameter Label= to Part D?
Added Parameter Label= to Part D?
Added Parameter Label= to Part D?
Added Parameter Label= to Part D?
Added Parameter Label= to Part D?
Added Parameter Label= to Part U?
Added Parameter Label= to Part U?
Added Parameter Label= to Part U?
Added Parameter Label= to Part U?
Added Parameter Label= to Part *
Added Parameter Label= to Part U?
Added Parameter Label= to Part Q?
Added Parameter Label= to Part Q?
Added Parameter Label= to Part M?
Added Parameter Label= to Part M?
Added Parameter Label= to Part Q?
Added Parameter Label= to Part Q?
Added Parameter Label= to Part U?
Added Parameter Label= to Part U?
Added Parameter Label= to Part RL?
Added Parameter Label= to Part R?
Added Parameter Label= to Part S?
Added Parameter Label= to Part U?
Added Parameter Label= to Part M?
Added Parameter Label= to Part SW?
Added Parameter Label= to Part S?
Added Parameter Label= to Part P?
Added Parameter Label= to Part L?
Added Parameter Label= to Part T?
Added Parameter Label= to Part Q?
Added Parameter Label= to Part U?
Added Parameter Label= to Part RT?
Added Parameter Label= to Part M?
Added Parameter Label= to Part D?
